0 info it worked if it ends with ok
1 verbose cli [ 'C:\\Program Files\\nodejs\\node.exe',
1 verbose cli   'C:\\Program Files\\nodejs\\node_modules\\npm\\bin\\npm-cli.js',
1 verbose cli   'run',
1 verbose cli   'compile' ]
2 info using npm@2.15.9
3 info using node@v4.5.0
4 verbose run-script [ 'precompile', 'compile', 'postcompile' ]
5 info precompile uikit@3.0.0-beta.38
6 info compile uikit@3.0.0-beta.38
7 verbose unsafe-perm in lifecycle true
8 info uikit@3.0.0-beta.38 Failed to exec compile script
9 verbose stack Error: uikit@3.0.0-beta.38 compile: `npm run compile-less && npm run compile-js`
9 verbose stack Exit status 1
9 verbose stack     at EventEmitter.<anonymous> (C:\Program Files\nodejs\node_modules\npm\lib\utils\lifecycle.js:217:16)
9 verbose stack     at emitTwo (events.js:87:13)
9 verbose stack     at EventEmitter.emit (events.js:172:7)
9 verbose stack     at ChildProcess.<anonymous> (C:\Program Files\nodejs\node_modules\npm\lib\utils\spawn.js:24:14)
9 verbose stack     at emitTwo (events.js:87:13)
9 verbose stack     at ChildProcess.emit (events.js:172:7)
9 verbose stack     at maybeClose (internal/child_process.js:829:16)
9 verbose stack     at Process.ChildProcess._handle.onexit (internal/child_process.js:211:5)
10 verbose pkgid uikit@3.0.0-beta.38
11 verbose cwd F:\code\html\xueqiu\uikit
12 error Windows_NT 10.0.16299
13 error argv "C:\\Program Files\\nodejs\\node.exe" "C:\\Program Files\\nodejs\\node_modules\\npm\\bin\\npm-cli.js" "run" "compile"
14 error node v4.5.0
15 error npm  v2.15.9
16 error code ELIFECYCLE
17 error uikit@3.0.0-beta.38 compile: `npm run compile-less && npm run compile-js`
17 error Exit status 1
18 error Failed at the uikit@3.0.0-beta.38 compile script 'npm run compile-less && npm run compile-js'.
18 error This is most likely a problem with the uikit package,
18 error not with npm itself.
18 error Tell the author that this fails on your system:
18 error     npm run compile-less && npm run compile-js
18 error You can get information on how to open an issue for this project with:
18 error     npm bugs uikit
18 error Or if that isn't available, you can get their info via:
18 error
18 error     npm owner ls uikit
18 error There is likely additional logging output above.
19 verbose exit [ 1, true ]
